Dec 12, 2024 7:32:18 PM de.danielluedecke.zettelkasten.ZettelkastenView initBibtexFile
INFO: No BibTeX-File specified yet.
Dec 12, 2024 7:32:18 PM de.danielluedecke.zettelkasten.ZettelkastenView setDefaultLookAndFeel
INFO: Using following LaF: javax.swing.plaf.nimbus.NimbusLookAndFeel
Dec 12, 2024 7:32:18 PM de.danielluedecke.zettelkasten.tasks.LoadFileTask doInBackground
INFO: Opening file /home/rajat/.zettelkasten/backup/indira-and-modi.zkn3
Dec 12, 2024 7:32:18 PM de.danielluedecke.zettelkasten.tasks.LoadFileTask doInBackground
INFO: metaInformation.xml data successfully opened.
Dec 12, 2024 7:32:18 PM de.danielluedecke.zettelkasten.tasks.LoadFileTask doInBackground
INFO: zknFile.xml data successfully opened.
Dec 12, 2024 7:32:18 PM de.danielluedecke.zettelkasten.tasks.LoadFileTask doInBackground
INFO: authorFile.xml data successfully opened.
Dec 12, 2024 7:32:18 PM de.danielluedecke.zettelkasten.tasks.LoadFileTask doInBackground
INFO: keywordFile.xml data successfully opened.
Dec 12, 2024 7:32:18 PM de.danielluedecke.zettelkasten.tasks.LoadFileTask doInBackground
INFO: bookmarks.xml data successfully opened.
Dec 12, 2024 7:32:18 PM de.danielluedecke.zettelkasten.tasks.LoadFileTask doInBackground
INFO: searchrequests.xml data successfully opened.
Dec 12, 2024 7:32:18 PM de.danielluedecke.zettelkasten.tasks.LoadFileTask doInBackground
INFO: desktop.xml data successfully opened.
Dec 12, 2024 7:32:18 PM de.danielluedecke.zettelkasten.tasks.LoadFileTask doInBackground
INFO: desktopme.xml data successfully opened.
Dec 12, 2024 7:32:18 PM de.danielluedecke.zettelkasten.tasks.LoadFileTask doInBackground
INFO: desktopnt.xml data successfully opened.
Dec 12, 2024 7:32:18 PM de.danielluedecke.zettelkasten.tasks.LoadFileTask doInBackground
INFO: synonyms.xml data successfully opened.
Dec 12, 2024 7:32:18 PM de.danielluedecke.zettelkasten.tasks.LoadFileTask doInBackground
INFO: references.bib data successfully opened.
Dec 12, 2024 7:32:18 PM de.danielluedecke.zettelkasten.tasks.LoadFileTask doInBackground
INFO: Complete data file successfully opened.
Dec 12, 2024 7:32:18 PM de.danielluedecke.zettelkasten.tasks.LoadFileTask finished
INFO: Opening data file successfully finished.
